<?xml version="1.0" encoding="UTF-8"?>
<testng-results skipped="0" failed="0" ignored="0" total="2" passed="2">
  <reporter-output>
  </reporter-output>
  <suite name="Default suite" duration-ms="266" started-at="2017-05-20T08:31:32Z" finished-at="2017-05-20T08:31:32Z">
    <groups>
    </groups>
    <test name="Default test" duration-ms="266" started-at="2017-05-20T08:31:32Z" finished-at="2017-05-20T08:31:32Z">
      <class name="NewTest">
        <test-method status="PASS" signature="f()[pri:0, instance:NewTest@1b604f19]" name="f" is-config="true" duration-ms="54" started-at="2017-05-20T16:31:32Z" finished-at="2017-05-20T16:31:32Z">
          <reporter-output>
          </reporter-output>
        </test-method> <!-- f -->
        <test-method status="PASS" signature="b()[pri:0, instance:NewTest@1b604f19]" name="b" duration-ms="158" started-at="2017-05-20T16:31:32Z" finished-at="2017-05-20T16:31:32Z">
          <reporter-output>
          </reporter-output>
        </test-method> <!-- b -->
        <test-method status="PASS" signature="c()[pri:0, instance:NewTest@1b604f19]" name="c" duration-ms="12" started-at="2017-05-20T16:31:32Z" finished-at="2017-05-20T16:31:32Z">
          <reporter-output>
          </reporter-output>
        </test-method> <!-- c -->
        <test-method status="PASS" signature="d()[pri:0, instance:NewTest@1b604f19]" name="d" is-config="true" duration-ms="1" started-at="2017-05-20T16:31:32Z" finished-at="2017-05-20T16:31:32Z">
          <reporter-output>
          </reporter-output>
        </test-method> <!-- d -->
      </class> <!-- NewTest -->
    </test> <!-- Default test -->
  </suite> <!-- Default suite -->
</testng-results>
